<?xml version="1.0" encoding="UTF-8"?>
<testsuite name="hello.TestGreeter" tests="3" skipped="0" failures="0" errors="0" timestamp="2017-04-19T23:04:43" hostname="turtleBobcat" time="0.014">
  <properties/>
  <testcase name="newtestJCWGreeterPass" classname="hello.TestGreeter" time="0.007"/>
  <testcase name="testGreeter" classname="hello.TestGreeter" time="0.002"/>
  <testcase name="testGreeterEmpty" classname="hello.TestGreeter" time="0.001"/>
  <system-out><![CDATA[]]></system-out>
  <system-err><![CDATA[]]></system-err>
</testsuite>
